C51 COMPILER V8.08   MT2                                                                   04/29/2008 15:54:54 PAGE 1   


C51 COMPILER V8.08, COMPILATION OF MODULE MT2
OBJECT MODULE PLACED IN mt2.OBJ
COMPILER INVOKED BY: C:\Keil\C51\BIN\C51.EXE mt2.c BROWSE DEBUG OBJECTEXTEND

line level    source

   1          // Scott Jackson
   2          // CECS 347
   3          // Midterm #2
   4          // 4/24/08
   5          
   6          //C program that reads the lower half of a DIP switch on the external data bus at 
   7          //address 4000Hand writes the value back to the data bus at location 4000H to light 
   8          //up the corresponding LEDs
   9          
  10          #include <reg51.h>
  11          #include <absacc.h>
  12          
  13          sfr AUXR = 0x8E;
  14          
  15          void main(void) {
  16   1      
  17   1      AUXR = 0x03; //enable ALE to use P0 as an address bus
  18   1      
  19   1      while(1){
  20   2      
  21   2              ACC = XBYTE[0x4000]; //read in data from external memory at location 4000H
  22   2              XBYTE[0x4000] = ACC; //write data to external memory location 4000H
  23   2      
  24   2      
  25   2      
  26   2      
  27   2      }
  28   1      
  29   1      
  30   1      
  31   1      
  32   1      
  33   1      
  34   1      }


MODULE INFORMATION:   STATIC OVERLAYABLE
   CODE SIZE        =     10    ----
   CONSTANT SIZE    =   ----    ----
   XDATA SIZE       =   ----    ----
   PDATA SIZE       =   ----    ----
   DATA SIZE        =   ----    ----
   IDATA SIZE       =   ----    ----
   BIT SIZE         =   ----    ----
END OF MODULE INFORMATION.


C51 COMPILATION COMPLETE.  0 WARNING(S),  0 ERROR(S)
